{
  "stats": {
    "suites": 12,
    "tests": 41,
    "passes": 23,
    "pending": 0,
    "failures": 18,
    "start": "2022-07-08T01:49:48.861Z",
    "end": "2022-07-08T01:51:29.135Z",
    "duration": 100274,
    "testsRegistered": 41,
    "passPercent": 56.09756097560976,
    "pendingPercent": 0,
    "other": 0,
    "hasOther": false,
    "skipped": 0,
    "hasSkipped": false
  },
  "results": [
    {
      "uuid": "ce099a24-bd04-4d45-aa43-9545b85312d4",
      "title": "",
      "fullFile": "cypress/integration/project.spec.js",
      "file": "cypress/integration/project.spec.js",
      "beforeHooks": [],
      "afterHooks": [],
      "tests": [],
      "suites": [
        {
          "uuid": "450a7ba7-d1ef-4d9f-9618-c7e25ae7e006",
          "title": "1 - Adicione à página o título \"Paleta de Cores\".",
          "fullFile": "",
          "file": "",
          "beforeHooks": [],
          "afterHooks": [],
          "tests": [
            {
              "title": "Verifica se contém um elemento `h1` com o id `title` com o título correto",
              "fullTitle": "1 - Adicione à página o título \"Paleta de Cores\". Verifica se contém um elemento `h1` com o id `title` com o título correto",
              "timedOut": null,
              "duration": 175,
              "state": "passed",
              "speed": "slow",
              "pass": true,
              "fail": false,
              "pending": false,
              "context": null,
              "code": "cy.get('h1#title').should('contain.text', 'Paleta de Cores');",
              "err": {},
              "uuid": "9094fa77-00b4-45e2-aeae-497bdc9e1a8b",
              "parentUUID": "450a7ba7-d1ef-4d9f-9618-c7e25ae7e006",
              "isHook": false,
              "skipped": false
            }
          ],
          "suites": [],
          "passes": [
            "9094fa77-00b4-45e2-aeae-497bdc9e1a8b"
          ],
          "failures": [],
          "pending": [],
          "skipped": [],
          "duration": 175,
          "root": false,
          "rootEmpty": false,
          "_timeout": 2000
        },
        {
          "uuid": "951ec039-9d24-451d-a4a5-0f1895ecc2cb",
          "title": "2 - Adicione à página uma paleta de quatro cores distintas.",
          "fullFile": "",
          "file": "",
          "beforeHooks": [],
          "afterHooks": [],
          "tests": [
            {
              "title": "A paleta de cores deve ser um elemento com `id` denominado `color-palette` e ter mais de 0px de altura e de largura.",
              "fullTitle": "2 - Adicione à página uma paleta de quatro cores distintas. A paleta de cores deve ser um elemento com `id` denominado `color-palette` e ter mais de 0px de altura e de largura.",
              "timedOut": null,
              "duration": 144,
              "state": "passed",
              "speed": "slow",
              "pass": true,
              "fail": false,
              "pending": false,
              "context": null,
              "code": "cy.get('#color-palette').should('be.visible');\ncy.get('#color-palette').children('.color');",
              "err": {},
              "uuid": "57637ebf-b973-4a6b-be05-935cfc5c51b5",
              "parentUUID": "951ec039-9d24-451d-a4a5-0f1895ecc2cb",
              "isHook": false,
              "skipped": false
            },
            {
              "title": "Verifica se cada cor individual da paleta de cores possui a `classe` chamada `color`.",
              "fullTitle": "2 - Adicione à página uma paleta de quatro cores distintas. Verifica se cada cor individual da paleta de cores possui a `classe` chamada `color`.",
              "timedOut": null,
              "duration": 235,
              "state": "passed",
              "speed": "slow",
              "pass": true,
              "fail": false,
              "pending": false,
              "context": null,
              "code": "cy.get('.color').should('have.length', 4).then(function (colors) {\n  for (var i = 0; i < colors.length; i++) {\n    cy.wrap(colors[i]).should('be.visible');\n  }\n});",
              "err": {},
              "uuid": "f9341f17-ab2a-4174-8477-f27e9ba59539",
              "parentUUID": "951ec039-9d24-451d-a4a5-0f1895ecc2cb",
              "isHook": false,
              "skipped": false
            },
            {
              "title": "Verifica se a cor de fundo de cada elemento da paleta é a cor que o elemento representa. **A única cor não permitida na paleta é a cor branca.**",
              "fullTitle": "2 - Adicione à página uma paleta de quatro cores distintas. Verifica se a cor de fundo de cada elemento da paleta é a cor que o elemento representa. **A única cor não permitida na paleta é a cor branca.**",
              "timedOut": null,
              "duration": 174,
              "state": "passed",
              "speed": "slow",
              "pass": true,
              "fail": false,
              "pending": false,
              "context": null,
              "code": "cy.get('.color').each(function (color) {\n  cy.wrap(color).should('have.class', 'color').and('not.have.css', 'background-color', WHITE);\n  cy.wrap(color).should('have.css', 'background-color');\n});",
              "err": {},
              "uuid": "eaecf7f4-93b5-47c8-bf3f-8d433aa80c6f",
              "parentUUID": "951ec039-9d24-451d-a4a5-0f1895ecc2cb",
              "isHook": false,
              "skipped": false
            },
            {
              "title": "Verifica se cada elemento da paleta de cores tem uma borda preta, sólida e com 1 pixel de largura;",
              "fullTitle": "2 - Adicione à página uma paleta de quatro cores distintas. Verifica se cada elemento da paleta de cores tem uma borda preta, sólida e com 1 pixel de largura;",
              "timedOut": null,
              "duration": 137,
              "state": "passed",
              "speed": "slow",
              "pass": true,
              "fail": false,
              "pending": false,
              "context": null,
              "code": "cy.get('.color').each(function (color) {\n  cy.wrap(color).and('have.css', 'border', \"1px solid \".concat(BLACK)).and('have.class', 'color');\n});",
              "err": {},
              "uuid": "5dace342-89dc-4be1-a973-41d79be91deb",
              "parentUUID": "951ec039-9d24-451d-a4a5-0f1895ecc2cb",
              "isHook": false,
              "skipped": false
            },
            {
              "title": "Verifica se a paleta lista todas as cores disponíveis para utilização, lado a lado.",
              "fullTitle": "2 - Adicione à página uma paleta de quatro cores distintas. Verifica se a paleta lista todas as cores disponíveis para utilização, lado a lado.",
              "timedOut": null,
              "duration": 157,
              "state": "passed",
              "speed": "slow",
              "pass": true,
              "fail": false,
              "pending": false,
              "context": null,
              "code": "cy.get('.color').then(function (colors) {\n  for (var index = 1; index < colors.length; index += 1) {\n    var currentColor = colors[index];\n    var previousColor = colors[index - 1];\n    cy.wrap(currentColor).should('be.onTheRightOf', previousColor).and('be.horizontallyAlignedWith', previousColor);\n  }\n});",
              "err": {},
              "uuid": "dfa9cc8f-3414-4cf2-a325-ae28b4ab0213",
              "parentUUID": "951ec039-9d24-451d-a4a5-0f1895ecc2cb",
              "isHook": false,
              "skipped": false
            },
            {
              "title": "Verifica se a paleta de cores está posicionada abaixo do título 'Paleta de Cores'",
              "fullTitle": "2 - Adicione à página uma paleta de quatro cores distintas. Verifica se a paleta de cores está posicionada abaixo do título 'Paleta de Cores'",
              "timedOut": null,
              "duration": 85,
              "state": "passed",
              "speed": "slow",
              "pass": true,
              "fail": false,
              "pending": false,
              "context": null,
              "code": "cy.get('h1#title').then(function (title) {\n  cy.get('#color-palette').should('be.belowOf', title);\n});",
              "err": {},
              "uuid": "2e2e321d-5c03-4ebc-9f3d-a5ee22e20fb3",
              "parentUUID": "951ec039-9d24-451d-a4a5-0f1895ecc2cb",
              "isHook": false,
              "skipped": false
            },
            {
              "title": "Verifica se a paleta de cores não contém cores repetidas.",
              "fullTitle": "2 - Adicione à página uma paleta de quatro cores distintas. Verifica se a paleta de cores não contém cores repetidas.",
              "timedOut": null,
              "duration": 114,
              "state": "passed",
              "speed": "slow",
              "pass": true,
              "fail": false,
              "pending": false,
              "context": null,
              "code": "cy.get('.color').then(function (colors) {\n  var allColors = Array.from(colors).map(function (color) {\n    return Cypress.$(color).css('background-color');\n  });\n  cy.log(allColors);\n  var uniqColors = (0, _toConsumableArray2[\"default\"])(new Set(allColors));\n  cy.log(uniqColors);\n  expect(allColors.length).to.eq(uniqColors.length);\n});",
              "err": {},
              "uuid": "d3a1ee7b-f9da-4b51-96ee-08af3b4cf553",
              "parentUUID": "951ec039-9d24-451d-a4a5-0f1895ecc2cb",
              "isHook": false,
              "skipped": false
            }
          ],
          "suites": [],
          "passes": [
            "57637ebf-b973-4a6b-be05-935cfc5c51b5",
            "f9341f17-ab2a-4174-8477-f27e9ba59539",
            "eaecf7f4-93b5-47c8-bf3f-8d433aa80c6f",
            "5dace342-89dc-4be1-a973-41d79be91deb",
            "dfa9cc8f-3414-4cf2-a325-ae28b4ab0213",
            "2e2e321d-5c03-4ebc-9f3d-a5ee22e20fb3",
            "d3a1ee7b-f9da-4b51-96ee-08af3b4cf553"
          ],
          "failures": [],
          "pending": [],
          "skipped": [],
          "duration": 1046,
          "root": false,
          "rootEmpty": false,
          "_timeout": 2000
        },
        {
          "uuid": "8c56177d-aaaa-4f43-b786-8814f98342e7",
          "title": "3 - Adicione a cor **preta** como a primeira cor da paleta de cores.",
          "fullFile": "",
          "file": "",
          "beforeHooks": [],
          "afterHooks": [],
          "tests": [
            {
              "title": "Verifica se a primeira cor da paleta é preta",
              "fullTitle": "3 - Adicione a cor **preta** como a primeira cor da paleta de cores. Verifica se a primeira cor da paleta é preta",
              "timedOut": null,
              "duration": 106,
              "state": "passed",
              "speed": "slow",
              "pass": true,
              "fail": false,
              "pending": false,
              "context": null,
              "code": "cy.get('.color').first().should('have.css', 'background-color', BLACK);",
              "err": {},
              "uuid": "de8a7da7-e12c-4529-8857-6d7e13325896",
              "parentUUID": "8c56177d-aaaa-4f43-b786-8814f98342e7",
              "isHook": false,
              "skipped": false
            },
            {
              "title": "Verifica se as demais cores podem ser escolhidas livremente.",
              "fullTitle": "3 - Adicione a cor **preta** como a primeira cor da paleta de cores. Verifica se as demais cores podem ser escolhidas livremente.",
              "timedOut": null,
              "duration": 182,
              "state": "passed",
              "speed": "slow",
              "pass": true,
              "fail": false,
              "pending": false,
              "context": null,
              "code": "cy.get('.color').eq(1).should('not.have.css', 'background-color', BLACK);\ncy.get('.color').eq(1).should('not.have.css', 'background-color', WHITE);\ncy.get('.color').eq(1).should('not.have.css', 'background-color', 'rgba(0, 0, 0, 0)');\ncy.get('.color').eq(1).should('have.css', 'background-color');\ncy.get('.color').eq(2).should('not.have.css', 'background-color', BLACK);\ncy.get('.color').eq(2).should('not.have.css', 'background-color', WHITE);\ncy.get('.color').eq(2).should('not.have.css', 'background-color', 'rgba(0, 0, 0, 0)');\ncy.get('.color').eq(2).should('have.css', 'background-color');\ncy.get('.color').eq(3).should('not.have.css', 'background-color', BLACK);\ncy.get('.color').eq(3).should('not.have.css', 'background-color', WHITE);\ncy.get('.color').eq(3).should('not.have.css', 'background-color', 'rgba(0, 0, 0, 0)');\ncy.get('.color').eq(3).should('have.css', 'background-color');",
              "err": {},
              "uuid": "3c05e9dc-c384-46cc-bf02-963d4ca9fb84",
              "parentUUID": "8c56177d-aaaa-4f43-b786-8814f98342e7",
              "isHook": false,
              "skipped": false
            }
          ],
          "suites": [],
          "passes": [
            "de8a7da7-e12c-4529-8857-6d7e13325896",
            "3c05e9dc-c384-46cc-bf02-963d4ca9fb84"
          ],
          "failures": [],
          "pending": [],
          "skipped": [],
          "duration": 288,
          "root": false,
          "rootEmpty": false,
          "_timeout": 2000
        },
        {
          "uuid": "a1fe0853-f585-423b-be28-547a53aa7b8c",
          "title": "4 - Adicione à página um quadro de pixels, com 25 pixels.",
          "fullFile": "",
          "file": "",
          "beforeHooks": [],
          "afterHooks": [],
          "tests": [
            {
              "title": "Verifica se o quadro de pixels possui o `id` denominado `pixel-board`",
              "fullTitle": "4 - Adicione à página um quadro de pixels, com 25 pixels. Verifica se o quadro de pixels possui o `id` denominado `pixel-board`",
              "timedOut": null,
              "duration": 87,
              "state": "passed",
              "speed": "slow",
              "pass": true,
              "fail": false,
              "pending": false,
              "context": null,
              "code": "cy.get('#pixel-board').should('be.visible');",
              "err": {},
              "uuid": "21b94dbe-11cd-4570-ae6c-216216a022b9",
              "parentUUID": "a1fe0853-f585-423b-be28-547a53aa7b8c",
              "isHook": false,
              "skipped": false
            },
            {
              "title": "Verifica se cada pixel individual dentro do quadro possui a `classe` denominada `pixel`.",
              "fullTitle": "4 - Adicione à página um quadro de pixels, com 25 pixels. Verifica se cada pixel individual dentro do quadro possui a `classe` denominada `pixel`.",
              "timedOut": null,
              "duration": 131,
              "state": "passed",
              "speed": "slow",
              "pass": true,
              "fail": false,
              "pending": false,
              "context": null,
              "code": "cy.get('.pixel').should('have.length', 25);",
              "err": {},
              "uuid": "67ccb992-258f-4156-a95e-fc5a27895f37",
              "parentUUID": "a1fe0853-f585-423b-be28-547a53aa7b8c",
              "isHook": false,
              "skipped": false
            },
            {
              "title": "Verifica se a cor inicial dos pixels dentro do quadro, ao abrir a página, é branca.",
              "fullTitle": "4 - Adicione à página um quadro de pixels, com 25 pixels. Verifica se a cor inicial dos pixels dentro do quadro, ao abrir a página, é branca.",
              "timedOut": null,
              "duration": 184,
              "state": "passed",
              "speed": "slow",
              "pass": true,
              "fail": false,
              "pending": false,
              "context": null,
              "code": "cy.get('.pixel').should('have.length', 25).each(function (pixel) {\n  expect(pixel).to.have.css('background-color', WHITE);\n});",
              "err": {},
              "uuid": "98ba3835-06b4-46c6-85aa-b00abe413c28",
              "parentUUID": "a1fe0853-f585-423b-be28-547a53aa7b8c",
              "isHook": false,
              "skipped": false
            },
            {
              "title": "Verifica se o quadro de pixels aparece abaixo da paleta de cores",
              "fullTitle": "4 - Adicione à página um quadro de pixels, com 25 pixels. Verifica se o quadro de pixels aparece abaixo da paleta de cores",
              "timedOut": null,
              "duration": 92,
              "state": "passed",
              "speed": "slow",
              "pass": true,
              "fail": false,
              "pending": false,
              "context": null,
              "code": "cy.get('#color-palette').then(function (palette) {\n  cy.get('#pixel-board').should('be.belowOf', palette);\n});",
              "err": {},
              "uuid": "33e82683-96c3-4c5c-8367-9e749b11fd55",
              "parentUUID": "a1fe0853-f585-423b-be28-547a53aa7b8c",
              "isHook": false,
              "skipped": false
            }
          ],
          "suites": [],
          "passes": [
            "21b94dbe-11cd-4570-ae6c-216216a022b9",
            "67ccb992-258f-4156-a95e-fc5a27895f37",
            "98ba3835-06b4-46c6-85aa-b00abe413c28",
            "33e82683-96c3-4c5c-8367-9e749b11fd55"
          ],
          "failures": [],
          "pending": [],
          "skipped": [],
          "duration": 494,
          "root": false,
          "rootEmpty": false,
          "_timeout": 2000
        },
        {
          "uuid": "a47c2226-f40f-4945-8101-ccac8d59a977",
          "title": "5 - Faça com que cada elemento do quadro de pixels possua 40 pixels de largura, 40 pixels de altura e seja delimitado por uma borda preta de 1 pixel.",
          "fullFile": "",
          "file": "",
          "beforeHooks": [],
          "afterHooks": [],
          "tests": [
            {
              "title": "Verifica se o quadro de pixels tem altura e comprimento de 5 elementos",
              "fullTitle": "5 - Faça com que cada elemento do quadro de pixels possua 40 pixels de largura, 40 pixels de altura e seja delimitado por uma borda preta de 1 pixel. Verifica se o quadro de pixels tem altura e comprimento de 5 elementos",
              "timedOut": null,
              "duration": 300,
              "state": "passed",
              "speed": "slow",
              "pass": true,
              "fail": false,
              "pending": false,
              "context": null,
              "code": "cy.get('.pixel').should('have.length', 25).each(function (pixel) {\n  expect(pixel).to.have.css('background-color', WHITE);\n}).and(function (pixels) {\n  var rows = chunk(pixels, 5);\n  rows.forEach(function (row) {\n    for (var index = 1; index < row.length; index += 1) {\n      var current = pixels[index];\n      var previous = pixels[index - 1];\n      cy.wrap(current).should('be.onTheRightOf', previous).and('be.horizontallyAlignedWith', previous);\n    }\n  });\n  for (var index = 1; index < 5; index += 1) {\n    expect(pixels[index * 5]).to.be.belowOf(pixels[(index - 1) * 5]);\n  }\n});",
              "err": {},
              "uuid": "9f31bcd8-4729-4278-91a6-4ddbdc0da819",
              "parentUUID": "a47c2226-f40f-4945-8101-ccac8d59a977",
              "isHook": false,
              "skipped": false
            },
            {
              "title": "Verifica se 40 pixels é o tamanho total do elemento, incluindo seu conteúdo e excluindo a borda preta, que deve ser criada à parte.",
              "fullTitle": "5 - Faça com que cada elemento do quadro de pixels possua 40 pixels de largura, 40 pixels de altura e seja delimitado por uma borda preta de 1 pixel. Verifica se 40 pixels é o tamanho total do elemento, incluindo seu conteúdo e excluindo a borda preta, que deve ser criada à parte.",
              "timedOut": null,
              "duration": 247,
              "state": "passed",
              "speed": "slow",
              "pass": true,
              "fail": false,
              "pending": false,
              "context": null,
              "code": "cy.get('.pixel').each(function (pixel) {\n  cy.wrap(pixel).should('have.css', 'height', '40px').and('have.css', 'width', '40px').and('have.css', 'border', \"1px solid \".concat(BLACK));\n});",
              "err": {},
              "uuid": "da96948b-bfc8-431c-9460-5c83016d96d8",
              "parentUUID": "a47c2226-f40f-4945-8101-ccac8d59a977",
              "isHook": false,
              "skipped": false
            }
          ],
          "suites": [],
          "passes": [
            "9f31bcd8-4729-4278-91a6-4ddbdc0da819",
            "da96948b-bfc8-431c-9460-5c83016d96d8"
          ],
          "failures": [],
          "pending": [],
          "skipped": [],
          "duration": 547,
          "root": false,
          "rootEmpty": false,
          "_timeout": 2000
        },
        {
          "uuid": "b8c7b0fb-da61-4242-8a6e-b649faf8834c",
          "title": "6 - Defina a cor preta como cor inicial. Ao carregar a página a cor preta já deve estar selecionada para pintar os pixels",
          "fullFile": "",
          "file": "",
          "beforeHooks": [],
          "afterHooks": [],
          "tests": [
            {
              "title": "Verifica se o elemento da cor preta possui, inicialmente, a `classe` `selected`",
              "fullTitle": "6 - Defina a cor preta como cor inicial. Ao carregar a página a cor preta já deve estar selecionada para pintar os pixels Verifica se o elemento da cor preta possui, inicialmente, a `classe` `selected`",
              "timedOut": null,
              "duration": 102,
              "state": "passed",
              "speed": "slow",
              "pass": true,
              "fail": false,
              "pending": false,
              "context": null,
              "code": "cy.get('.selected').first().should('have.css', 'background-color', BLACK);",
              "err": {},
              "uuid": "5244ea0a-6136-4998-9171-362f3d2d98e7",
              "parentUUID": "b8c7b0fb-da61-4242-8a6e-b649faf8834c",
              "isHook": false,
              "skipped": false
            },
            {
              "title": "Verifica se nenhuma outra cor da paleta tem a `classe` `selected`",
              "fullTitle": "6 - Defina a cor preta como cor inicial. Ao carregar a página a cor preta já deve estar selecionada para pintar os pixels Verifica se nenhuma outra cor da paleta tem a `classe` `selected`",
              "timedOut": null,
              "duration": 80,
              "state": "passed",
              "speed": "slow",
              "pass": true,
              "fail": false,
              "pending": false,
              "context": null,
              "code": "cy.get('.color:not(:first-child)').each(function (color) {\n  cy.wrap(color).should('not.have.class', 'selected');\n});",
              "err": {},
              "uuid": "52150ed7-a9fd-4f32-beb6-4c81c9f8dfe4",
              "parentUUID": "b8c7b0fb-da61-4242-8a6e-b649faf8834c",
              "isHook": false,
              "skipped": false
            }
          ],
          "suites": [],
          "passes": [
            "5244ea0a-6136-4998-9171-362f3d2d98e7",
            "52150ed7-a9fd-4f32-beb6-4c81c9f8dfe4"
          ],
          "failures": [],
          "pending": [],
          "skipped": [],
          "duration": 182,
          "root": false,
          "rootEmpty": false,
          "_timeout": 2000
        },
        {
          "uuid": "1294035b-e87a-49c3-9004-3ba5f5c2d8e7",
          "title": "7 - Clicar em uma das cores da paleta, faz com que ela seja selecionada e utilizada para preencher os pixels no quadro.",
          "fullFile": "",
          "file": "",
          "beforeHooks": [],
          "afterHooks": [],
          "tests": [
            {
              "title": "Verifica se somente uma cor da paleta de cores tem a classe `selected` de cada vez",
              "fullTitle": "7 - Clicar em uma das cores da paleta, faz com que ela seja selecionada e utilizada para preencher os pixels no quadro. Verifica se somente uma cor da paleta de cores tem a classe `selected` de cada vez",
              "timedOut": null,
              "duration": 559,
              "state": "passed",
              "speed": "slow",
              "pass": true,
              "fail": false,
              "pending": false,
              "context": null,
              "code": "cy.get('.color').each(function (selectedColor, selectedColorIndex) {\n  cy.wrap(selectedColor).click();\n  cy.get('.color').each(function (color, colorIndex) {\n    if (colorIndex === selectedColorIndex) {\n      expect(color).to.have[\"class\"]('selected');\n    } else {\n      expect(color).not.to.have[\"class\"]('selected');\n    }\n  });\n});",
              "err": {},
              "uuid": "2fcbc7ed-39aa-4901-848b-906d0043d0d7",
              "parentUUID": "1294035b-e87a-49c3-9004-3ba5f5c2d8e7",
              "isHook": false,
              "skipped": false
            },
            {
              "title": "Verifica se os pixels dentro do quadro não têm a classe `selected` quando são clicados",
              "fullTitle": "7 - Clicar em uma das cores da paleta, faz com que ela seja selecionada e utilizada para preencher os pixels no quadro. Verifica se os pixels dentro do quadro não têm a classe `selected` quando são clicados",
              "timedOut": null,
              "duration": 10056,
              "state": "passed",
              "speed": "slow",
              "pass": true,
              "fail": false,
              "pending": false,
              "context": null,
              "code": "cy.get('.color').each(function (color) {\n  var backgroundColor = color.css('background-color');\n  cy.wrap(color).click();\n  cy.get('.pixel').each(function (pixel) {\n    cy.wrap(pixel).click().should('not.have.class', 'selected');\n  });\n});",
              "err": {},
              "uuid": "66d5a731-db81-4a9c-ba03-2d918b7f5488",
              "parentUUID": "1294035b-e87a-49c3-9004-3ba5f5c2d8e7",
              "isHook": false,
              "skipped": false
            }
          ],
          "suites": [],
          "passes": [
            "2fcbc7ed-39aa-4901-848b-906d0043d0d7",
            "66d5a731-db81-4a9c-ba03-2d918b7f5488"
          ],
          "failures": [],
          "pending": [],
          "skipped": [],
          "duration": 10615,
          "root": false,
          "rootEmpty": false,
          "_timeout": 2000
        },
        {
          "uuid": "24e97063-7660-42b9-a43b-b918862228a3",
          "title": "8 - Clicar em um pixel dentro do quadro após selecionar uma cor na paleta, faz com que o pixel seja preenchido com a cor selecionada.",
          "fullFile": "",
          "file": "",
          "beforeHooks": [],
          "afterHooks": [],
          "tests": [
            {
              "title": "Verifica se ao carregar a página deve ser possível pintar os pixels de preto",
              "fullTitle": "8 - Clicar em um pixel dentro do quadro após selecionar uma cor na paleta, faz com que o pixel seja preenchido com a cor selecionada. Verifica se ao carregar a página deve ser possível pintar os pixels de preto",
              "timedOut": null,
              "duration": 2466,
              "state": "passed",
              "speed": "slow",
              "pass": true,
              "fail": false,
              "pending": false,
              "context": null,
              "code": "cy.get('.pixel').each(function (pixel) {\n  cy.wrap(pixel).click().should('have.css', 'background-color', BLACK);\n});",
              "err": {},
              "uuid": "ad2a4fad-74f8-4a0e-8570-fcebdfe806c2",
              "parentUUID": "24e97063-7660-42b9-a43b-b918862228a3",
              "isHook": false,
              "skipped": false
            },
            {
              "title": "Verifica se após selecionar uma outra cor na paleta, é possível pintar os pixels com essa cor",
              "fullTitle": "8 - Clicar em um pixel dentro do quadro após selecionar uma cor na paleta, faz com que o pixel seja preenchido com a cor selecionada. Verifica se após selecionar uma outra cor na paleta, é possível pintar os pixels com essa cor",
              "timedOut": null,
              "duration": 9047,
              "state": "passed",
              "speed": "slow",
              "pass": true,
              "fail": false,
              "pending": false,
              "context": null,
              "code": "cy.get('.color').each(function (color) {\n  var backgroundColor = color.css('background-color');\n  cy.wrap(color).click();\n  cy.get('.pixel').each(function (pixel) {\n    cy.wrap(pixel).click().should('have.css', 'background-color', backgroundColor);\n  });\n});",
              "err": {},
              "uuid": "229f95f9-1766-4a09-8260-d88c58dd54c9",
              "parentUUID": "24e97063-7660-42b9-a43b-b918862228a3",
              "isHook": false,
              "skipped": false
            },
            {
              "title": "Verifica se somente o pixel que foi clicado foi preenchido com a cor selecionada, sem influenciar na cor dos demais pixels.",
              "fullTitle": "8 - Clicar em um pixel dentro do quadro após selecionar uma cor na paleta, faz com que o pixel seja preenchido com a cor selecionada. Verifica se somente o pixel que foi clicado foi preenchido com a cor selecionada, sem influenciar na cor dos demais pixels.",
              "timedOut": null,
              "duration": 1409,
              "state": "passed",
              "speed": "slow",
              "pass": true,
              "fail": false,
              "pending": false,
              "context": null,
              "code": "var colorToPixelIndexMap = {\n  0: 6,\n  1: 8,\n  2: 16,\n  3: 18\n};\ncy.get('.color').each(function (color, index) {\n  cy.wrap(color).click();\n  var backgroundColor = color.css('background-color');\n  var clickedPixelIndex = colorToPixelIndexMap[index];\n  cy.get('.pixel').eq(clickedPixelIndex).click();\n  cy.get('.pixel').eq(clickedPixelIndex - 1).should('not.have.css', 'background-color', backgroundColor);\n  cy.get('.pixel').eq(clickedPixelIndex + 1).should('not.have.css', 'background-color', backgroundColor);\n  cy.get('.pixel').eq(clickedPixelIndex - 5).should('not.have.css', 'background-color', backgroundColor);\n  cy.get('.pixel').eq(clickedPixelIndex + 5).should('not.have.css', 'background-color', backgroundColor);\n  cy.get('.pixel').eq(clickedPixelIndex - 6).should('not.have.css', 'background-color', backgroundColor);\n  cy.get('.pixel').eq(clickedPixelIndex - 4).should('not.have.css', 'background-color', backgroundColor);\n  cy.get('.pixel').eq(clickedPixelIndex + 4).should('not.have.css', 'background-color', backgroundColor);\n  cy.get('.pixel').eq(clickedPixelIndex + 6).should('not.have.css', 'background-color', backgroundColor);\n});",
              "err": {},
              "uuid": "211a1714-4a9e-45b7-848b-0962e04a2244",
              "parentUUID": "24e97063-7660-42b9-a43b-b918862228a3",
              "isHook": false,
              "skipped": false
            }
          ],
          "suites": [],
          "passes": [
            "ad2a4fad-74f8-4a0e-8570-fcebdfe806c2",
            "229f95f9-1766-4a09-8260-d88c58dd54c9",
            "211a1714-4a9e-45b7-848b-0962e04a2244"
          ],
          "failures": [],
          "pending": [],
          "skipped": [],
          "duration": 12922,
          "root": false,
          "rootEmpty": false,
          "_timeout": 2000
        },
        {
          "uuid": "c56609ee-cbb3-4542-bb07-150d34f1b61c",
          "title": "9 - Crie um botão que, ao ser clicado, limpa o quadro preenchendo a cor de todos seus pixels com branco.",
          "fullFile": "",
          "file": "",
          "beforeHooks": [],
          "afterHooks": [],
          "tests": [
            {
              "title": "Verifica se o botão tem o `id` denominado `clear-board`",
              "fullTitle": "9 - Crie um botão que, ao ser clicado, limpa o quadro preenchendo a cor de todos seus pixels com branco. Verifica se o botão tem o `id` denominado `clear-board`",
              "timedOut": null,
              "duration": 4365,
              "state": "failed",
              "speed": null,
              "pass": false,
              "fail": true,
              "pending": false,
              "context": null,
              "code": "cy.get('#clear-board').should('be.visible');",
              "err": {
                "message": "CypressError: Timed out retrying: Expected to find element: '#clear-board', but never found it.",
                "estack": "CypressError: Timed out retrying: Expected to find element: '#clear-board', but never found it.\n    at cypressErr (http://localhost:41939/__cypress/runner/cypress_runner.js:149934:9)\n    at throwErr (http://localhost:41939/__cypress/runner/cypress_runner.js:149867:11)\n    at Object.throwErrByPath (http://localhost:41939/__cypress/runner/cypress_runner.js:149915:3)\n    at retry (http://localhost:41939/__cypress/runner/cypress_runner.js:144197:19)\n    at onFailFn (http://localhost:41939/__cypress/runner/cypress_runner.js:132448:16)\n    at tryCatcher (http://localhost:41939/__cypress/runner/cypress_runner.js:167415:23)\n    at Promise._settlePromiseFromHandler (http://localhost:41939/__cypress/runner/cypress_runner.js:165351:31)\n    at Promise._settlePromise (http://localhost:41939/__cypress/runner/cypress_runner.js:165408:18)\n    at Promise._settlePromise0 (http://localhost:41939/__cypress/runner/cypress_runner.js:165453:10)\n    at Promise._settlePromises (http://localhost:41939/__cypress/runner/cypress_runner.js:165528:18)\n    at Async../node_modules/bluebird/js/release/async.js.Async._drainQueue (http://localhost:41939/__cypress/runner/cypress_runner.js:162140:16)\n    at Async../node_modules/bluebird/js/release/async.js.Async._drainQueues (http://localhost:41939/__cypress/runner/cypress_runner.js:162150:10)\n    at Async.drainQueues (http://localhost:41939/__cypress/runner/cypress_runner.js:162024:14)",
                "diff": null
              },
              "uuid": "b7cdd144-a5a3-4293-9860-0ec54e76f5bd",
              "parentUUID": "c56609ee-cbb3-4542-bb07-150d34f1b61c",
              "isHook": false,
              "skipped": false
            },
            {
              "title": "Verifica se o botão está posicionado entre a paleta de cores e o quadro de pixels",
              "fullTitle": "9 - Crie um botão que, ao ser clicado, limpa o quadro preenchendo a cor de todos seus pixels com branco. Verifica se o botão está posicionado entre a paleta de cores e o quadro de pixels",
              "timedOut": null,
              "duration": 4312,
              "state": "failed",
              "speed": null,
              "pass": false,
              "fail": true,
              "pending": false,
              "context": null,
              "code": "cy.get('#color-palette').then(function (palette) {\n  cy.get('#clear-board').should('be.belowOf', palette);\n});\ncy.get('#clear-board').then(function (clearBtn) {\n  cy.get('#pixel-board').should('be.belowOf', clearBtn);\n});",
              "err": {
                "message": "CypressError: Timed out retrying: Expected to find element: '#clear-board', but never found it.",
                "estack": "CypressError: Timed out retrying: Expected to find element: '#clear-board', but never found it.\n    at cypressErr (http://localhost:41939/__cypress/runner/cypress_runner.js:149934:9)\n    at throwErr (http://localhost:41939/__cypress/runner/cypress_runner.js:149867:11)\n    at Object.throwErrByPath (http://localhost:41939/__cypress/runner/cypress_runner.js:149915:3)\n    at retry (http://localhost:41939/__cypress/runner/cypress_runner.js:144197:19)\n    at onFailFn (http://localhost:41939/__cypress/runner/cypress_runner.js:132448:16)\n    at tryCatcher (http://localhost:41939/__cypress/runner/cypress_runner.js:167415:23)\n    at Promise._settlePromiseFromHandler (http://localhost:41939/__cypress/runner/cypress_runner.js:165351:31)\n    at Promise._settlePromise (http://localhost:41939/__cypress/runner/cypress_runner.js:165408:18)\n    at Promise._settlePromise0 (http://localhost:41939/__cypress/runner/cypress_runner.js:165453:10)\n    at Promise._settlePromises (http://localhost:41939/__cypress/runner/cypress_runner.js:165528:18)\n    at Async../node_modules/bluebird/js/release/async.js.Async._drainQueue (http://localhost:41939/__cypress/runner/cypress_runner.js:162140:16)\n    at Async../node_modules/bluebird/js/release/async.js.Async._drainQueues (http://localhost:41939/__cypress/runner/cypress_runner.js:162150:10)\n    at Async.drainQueues (http://localhost:41939/__cypress/runner/cypress_runner.js:162024:14)",
                "diff": null
              },
              "uuid": "570ef30c-4d3f-4d04-a662-bc7aa91a476b",
              "parentUUID": "c56609ee-cbb3-4542-bb07-150d34f1b61c",
              "isHook": false,
              "skipped": false
            },
            {
              "title": "Verifica se o texto do botão é 'Limpar'",
              "fullTitle": "9 - Crie um botão que, ao ser clicado, limpa o quadro preenchendo a cor de todos seus pixels com branco. Verifica se o texto do botão é 'Limpar'",
              "timedOut": null,
              "duration": 4298,
              "state": "failed",
              "speed": null,
              "pass": false,
              "fail": true,
              "pending": false,
              "context": null,
              "code": "cy.get('#clear-board').should('contain.text', 'Limpar');",
              "err": {
                "message": "CypressError: Timed out retrying: Expected to find element: '#clear-board', but never found it.",
                "estack": "CypressError: Timed out retrying: Expected to find element: '#clear-board', but never found it.\n    at cypressErr (http://localhost:41939/__cypress/runner/cypress_runner.js:149934:9)\n    at throwErr (http://localhost:41939/__cypress/runner/cypress_runner.js:149867:11)\n    at Object.throwErrByPath (http://localhost:41939/__cypress/runner/cypress_runner.js:149915:3)\n    at retry (http://localhost:41939/__cypress/runner/cypress_runner.js:144197:19)\n    at onFailFn (http://localhost:41939/__cypress/runner/cypress_runner.js:132448:16)\n    at tryCatcher (http://localhost:41939/__cypress/runner/cypress_runner.js:167415:23)\n    at Promise._settlePromiseFromHandler (http://localhost:41939/__cypress/runner/cypress_runner.js:165351:31)\n    at Promise._settlePromise (http://localhost:41939/__cypress/runner/cypress_runner.js:165408:18)\n    at Promise._settlePromise0 (http://localhost:41939/__cypress/runner/cypress_runner.js:165453:10)\n    at Promise._settlePromises (http://localhost:41939/__cypress/runner/cypress_runner.js:165528:18)\n    at Async../node_modules/bluebird/js/release/async.js.Async._drainQueue (http://localhost:41939/__cypress/runner/cypress_runner.js:162140:16)\n    at Async../node_modules/bluebird/js/release/async.js.Async._drainQueues (http://localhost:41939/__cypress/runner/cypress_runner.js:162150:10)\n    at Async.drainQueues (http://localhost:41939/__cypress/runner/cypress_runner.js:162024:14)",
                "diff": null
              },
              "uuid": "8b6890a2-ce58-4367-bece-a1168db281fe",
              "parentUUID": "c56609ee-cbb3-4542-bb07-150d34f1b61c",
              "isHook": false,
              "skipped": false
            },
            {
              "title": "Verifica se ao clicar no botão, o quadro de pixels é totalmente preenchido de branco",
              "fullTitle": "9 - Crie um botão que, ao ser clicado, limpa o quadro preenchendo a cor de todos seus pixels com branco. Verifica se ao clicar no botão, o quadro de pixels é totalmente preenchido de branco",
              "timedOut": null,
              "duration": 6677,
              "state": "failed",
              "speed": null,
              "pass": false,
              "fail": true,
              "pending": false,
              "context": null,
              "code": "cy.get('.color').eq(1).then(function (color) {\n  var backgroundColor = color.css('background-color');\n  cy.wrap(color).click();\n  cy.get('.pixel').each(function (pixel) {\n    cy.wrap(pixel).click().should('have.css', 'background-color', backgroundColor);\n  });\n});\ncy.get('#clear-board').click();\ncy.get('.pixel').each(function (pixel) {\n  cy.wrap(pixel).should('have.css', 'background-color', WHITE);\n});",
              "err": {
                "message": "CypressError: Timed out retrying: Expected to find element: '#clear-board', but never found it.",
                "estack": "CypressError: Timed out retrying: Expected to find element: '#clear-board', but never found it.\n    at cypressErr (http://localhost:41939/__cypress/runner/cypress_runner.js:149934:9)\n    at throwErr (http://localhost:41939/__cypress/runner/cypress_runner.js:149867:11)\n    at Object.throwErrByPath (http://localhost:41939/__cypress/runner/cypress_runner.js:149915:3)\n    at retry (http://localhost:41939/__cypress/runner/cypress_runner.js:144197:19)\n    at onFailFn (http://localhost:41939/__cypress/runner/cypress_runner.js:132448:16)\n    at tryCatcher (http://localhost:41939/__cypress/runner/cypress_runner.js:167415:23)\n    at Promise._settlePromiseFromHandler (http://localhost:41939/__cypress/runner/cypress_runner.js:165351:31)\n    at Promise._settlePromise (http://localhost:41939/__cypress/runner/cypress_runner.js:165408:18)\n    at Promise._settlePromise0 (http://localhost:41939/__cypress/runner/cypress_runner.js:165453:10)\n    at Promise._settlePromises (http://localhost:41939/__cypress/runner/cypress_runner.js:165528:18)\n    at Async../node_modules/bluebird/js/release/async.js.Async._drainQueue (http://localhost:41939/__cypress/runner/cypress_runner.js:162140:16)\n    at Async../node_modules/bluebird/js/release/async.js.Async._drainQueues (http://localhost:41939/__cypress/runner/cypress_runner.js:162150:10)\n    at Async.drainQueues (http://localhost:41939/__cypress/runner/cypress_runner.js:162024:14)",
                "diff": null
              },
              "uuid": "b19cc380-3bf9-4269-a89c-86b2ec857ac0",
              "parentUUID": "c56609ee-cbb3-4542-bb07-150d34f1b61c",
              "isHook": false,
              "skipped": false
            }
          ],
          "suites": [],
          "passes": [],
          "failures": [
            "b7cdd144-a5a3-4293-9860-0ec54e76f5bd",
            "570ef30c-4d3f-4d04-a662-bc7aa91a476b",
            "8b6890a2-ce58-4367-bece-a1168db281fe",
            "b19cc380-3bf9-4269-a89c-86b2ec857ac0"
          ],
          "pending": [],
          "skipped": [],
          "duration": 19652,
          "root": false,
          "rootEmpty": false,
          "_timeout": 2000
        },
        {
          "uuid": "0355d187-4ea9-45f5-bd72-0ef07975f9aa",
          "title": "10 - Faça o quadro de pixels ter seu tamanho definido pelo usuário.",
          "fullFile": "",
          "file": "",
          "beforeHooks": [],
          "afterHooks": [],
          "tests": [
            {
              "title": "Verifica se existe um input com o id `board-size`",
              "fullTitle": "10 - Faça o quadro de pixels ter seu tamanho definido pelo usuário. Verifica se existe um input com o id `board-size`",
              "timedOut": null,
              "duration": 4385,
              "state": "failed",
              "speed": null,
              "pass": false,
              "fail": true,
              "pending": false,
              "context": null,
              "code": "cy.get('#board-size').should('be.visible');",
              "err": {
                "message": "CypressError: Timed out retrying: Expected to find element: '#board-size', but never found it.",
                "estack": "CypressError: Timed out retrying: Expected to find element: '#board-size', but never found it.\n    at cypressErr (http://localhost:41939/__cypress/runner/cypress_runner.js:149934:9)\n    at throwErr (http://localhost:41939/__cypress/runner/cypress_runner.js:149867:11)\n    at Object.throwErrByPath (http://localhost:41939/__cypress/runner/cypress_runner.js:149915:3)\n    at retry (http://localhost:41939/__cypress/runner/cypress_runner.js:144197:19)\n    at onFailFn (http://localhost:41939/__cypress/runner/cypress_runner.js:132448:16)\n    at tryCatcher (http://localhost:41939/__cypress/runner/cypress_runner.js:167415:23)\n    at Promise._settlePromiseFromHandler (http://localhost:41939/__cypress/runner/cypress_runner.js:165351:31)\n    at Promise._settlePromise (http://localhost:41939/__cypress/runner/cypress_runner.js:165408:18)\n    at Promise._settlePromise0 (http://localhost:41939/__cypress/runner/cypress_runner.js:165453:10)\n    at Promise._settlePromises (http://localhost:41939/__cypress/runner/cypress_runner.js:165528:18)\n    at Async../node_modules/bluebird/js/release/async.js.Async._drainQueue (http://localhost:41939/__cypress/runner/cypress_runner.js:162140:16)\n    at Async../node_modules/bluebird/js/release/async.js.Async._drainQueues (http://localhost:41939/__cypress/runner/cypress_runner.js:162150:10)\n    at Async.drainQueues (http://localhost:41939/__cypress/runner/cypress_runner.js:162024:14)",
                "diff": null
              },
              "uuid": "cef90768-7535-4f0c-a857-af706a93bc12",
              "parentUUID": "0355d187-4ea9-45f5-bd72-0ef07975f9aa",
              "isHook": false,
              "skipped": false
            },
            {
              "title": "Verifica se existe um botão com o id `generate-board`",
              "fullTitle": "10 - Faça o quadro de pixels ter seu tamanho definido pelo usuário. Verifica se existe um botão com o id `generate-board`",
              "timedOut": null,
              "duration": 4334,
              "state": "failed",
              "speed": null,
              "pass": false,
              "fail": true,
              "pending": false,
              "context": null,
              "code": "cy.get('#generate-board').should('be.visible');",
              "err": {
                "message": "CypressError: Timed out retrying: Expected to find element: '#generate-board', but never found it.",
                "estack": "CypressError: Timed out retrying: Expected to find element: '#generate-board', but never found it.\n    at cypressErr (http://localhost:41939/__cypress/runner/cypress_runner.js:149934:9)\n    at throwErr (http://localhost:41939/__cypress/runner/cypress_runner.js:149867:11)\n    at Object.throwErrByPath (http://localhost:41939/__cypress/runner/cypress_runner.js:149915:3)\n    at retry (http://localhost:41939/__cypress/runner/cypress_runner.js:144197:19)\n    at onFailFn (http://localhost:41939/__cypress/runner/cypress_runner.js:132448:16)\n    at tryCatcher (http://localhost:41939/__cypress/runner/cypress_runner.js:167415:23)\n    at Promise._settlePromiseFromHandler (http://localhost:41939/__cypress/runner/cypress_runner.js:165351:31)\n    at Promise._settlePromise (http://localhost:41939/__cypress/runner/cypress_runner.js:165408:18)\n    at Promise._settlePromise0 (http://localhost:41939/__cypress/runner/cypress_runner.js:165453:10)\n    at Promise._settlePromises (http://localhost:41939/__cypress/runner/cypress_runner.js:165528:18)\n    at Async../node_modules/bluebird/js/release/async.js.Async._drainQueue (http://localhost:41939/__cypress/runner/cypress_runner.js:162140:16)\n    at Async../node_modules/bluebird/js/release/async.js.Async._drainQueues (http://localhost:41939/__cypress/runner/cypress_runner.js:162150:10)\n    at Async.drainQueues (http://localhost:41939/__cypress/runner/cypress_runner.js:162024:14)",
                "diff": null
              },
              "uuid": "1ebbdabc-2dbf-4f7e-b766-3c25871e3ea8",
              "parentUUID": "0355d187-4ea9-45f5-bd72-0ef07975f9aa",
              "isHook": false,
              "skipped": false
            },
            {
              "title": "Verifica se o input só aceita número maiores que zero. Essa restrição deve ser feita usando os atributos do elemento `input`",
              "fullTitle": "10 - Faça o quadro de pixels ter seu tamanho definido pelo usuário. Verifica se o input só aceita número maiores que zero. Essa restrição deve ser feita usando os atributos do elemento `input`",
              "timedOut": null,
              "duration": 4279,
              "state": "failed",
              "speed": null,
              "pass": false,
              "fail": true,
              "pending": false,
              "context": null,
              "code": "cy.get('#board-size[type=\\'number\\'][min=\\'1\\']');",
              "err": {
                "message": "CypressError: Timed out retrying: Expected to find element: '#board-size[type='number'][min='1']', but never found it.",
                "estack": "CypressError: Timed out retrying: Expected to find element: '#board-size[type='number'][min='1']', but never found it.\n    at cypressErr (http://localhost:41939/__cypress/runner/cypress_runner.js:149934:9)\n    at throwErr (http://localhost:41939/__cypress/runner/cypress_runner.js:149867:11)\n    at Object.throwErrByPath (http://localhost:41939/__cypress/runner/cypress_runner.js:149915:3)\n    at retry (http://localhost:41939/__cypress/runner/cypress_runner.js:144197:19)\n    at onFailFn (http://localhost:41939/__cypress/runner/cypress_runner.js:132448:16)\n    at tryCatcher (http://localhost:41939/__cypress/runner/cypress_runner.js:167415:23)\n    at Promise._settlePromiseFromHandler (http://localhost:41939/__cypress/runner/cypress_runner.js:165351:31)\n    at Promise._settlePromise (http://localhost:41939/__cypress/runner/cypress_runner.js:165408:18)\n    at Promise._settlePromise0 (http://localhost:41939/__cypress/runner/cypress_runner.js:165453:10)\n    at Promise._settlePromises (http://localhost:41939/__cypress/runner/cypress_runner.js:165528:18)\n    at Async../node_modules/bluebird/js/release/async.js.Async._drainQueue (http://localhost:41939/__cypress/runner/cypress_runner.js:162140:16)\n    at Async../node_modules/bluebird/js/release/async.js.Async._drainQueues (http://localhost:41939/__cypress/runner/cypress_runner.js:162150:10)\n    at Async.drainQueues (http://localhost:41939/__cypress/runner/cypress_runner.js:162024:14)",
                "diff": null
              },
              "uuid": "000bf105-7c7b-413e-b9bf-c903c091461c",
              "parentUUID": "0355d187-4ea9-45f5-bd72-0ef07975f9aa",
              "isHook": false,
              "skipped": false
            },
            {
              "title": "Verifica se o botão contém o texto 'VQV'",
              "fullTitle": "10 - Faça o quadro de pixels ter seu tamanho definido pelo usuário. Verifica se o botão contém o texto 'VQV'",
              "timedOut": null,
              "duration": 4418,
              "state": "failed",
              "speed": null,
              "pass": false,
              "fail": true,
              "pending": false,
              "context": null,
              "code": "cy.get('#generate-board').contains(/vqv/i);",
              "err": {
                "message": "CypressError: Timed out retrying: Expected to find element: '#generate-board', but never found it.",
                "estack": "CypressError: Timed out retrying: Expected to find element: '#generate-board', but never found it.\n    at cypressErr (http://localhost:41939/__cypress/runner/cypress_runner.js:149934:9)\n    at throwErr (http://localhost:41939/__cypress/runner/cypress_runner.js:149867:11)\n    at Object.throwErrByPath (http://localhost:41939/__cypress/runner/cypress_runner.js:149915:3)\n    at retry (http://localhost:41939/__cypress/runner/cypress_runner.js:144197:19)\n    at onFailFn (http://localhost:41939/__cypress/runner/cypress_runner.js:132448:16)\n    at tryCatcher (http://localhost:41939/__cypress/runner/cypress_runner.js:167415:23)\n    at Promise._settlePromiseFromHandler (http://localhost:41939/__cypress/runner/cypress_runner.js:165351:31)\n    at Promise._settlePromise (http://localhost:41939/__cypress/runner/cypress_runner.js:165408:18)\n    at Promise._settlePromise0 (http://localhost:41939/__cypress/runner/cypress_runner.js:165453:10)\n    at Promise._settlePromises (http://localhost:41939/__cypress/runner/cypress_runner.js:165528:18)\n    at Async../node_modules/bluebird/js/release/async.js.Async._drainQueue (http://localhost:41939/__cypress/runner/cypress_runner.js:162140:16)\n    at Async../node_modules/bluebird/js/release/async.js.Async._drainQueues (http://localhost:41939/__cypress/runner/cypress_runner.js:162150:10)\n    at Async.drainQueues (http://localhost:41939/__cypress/runner/cypress_runner.js:162024:14)",
                "diff": null
              },
              "uuid": "b29b0c8f-e25e-4810-928a-1b1e12437d60",
              "parentUUID": "0355d187-4ea9-45f5-bd72-0ef07975f9aa",
              "isHook": false,
              "skipped": false
            },
            {
              "title": "Verifica se o input está posicionado entre a paleta de cores e o quadro de pixels",
              "fullTitle": "10 - Faça o quadro de pixels ter seu tamanho definido pelo usuário. Verifica se o input está posicionado entre a paleta de cores e o quadro de pixels",
              "timedOut": null,
              "duration": 4375,
              "state": "failed",
              "speed": null,
              "pass": false,
              "fail": true,
              "pending": false,
              "context": null,
              "code": "cy.get('#color-palette').then(function (palette) {\n  cy.get('#board-size').should('be.belowOf', palette);\n});\ncy.get('#board-size').then(function (palette) {\n  cy.get('#pixel-board').should('be.belowOf', palette);\n});",
              "err": {
                "message": "CypressError: Timed out retrying: Expected to find element: '#board-size', but never found it.",
                "estack": "CypressError: Timed out retrying: Expected to find element: '#board-size', but never found it.\n    at cypressErr (http://localhost:41939/__cypress/runner/cypress_runner.js:149934:9)\n    at throwErr (http://localhost:41939/__cypress/runner/cypress_runner.js:149867:11)\n    at Object.throwErrByPath (http://localhost:41939/__cypress/runner/cypress_runner.js:149915:3)\n    at retry (http://localhost:41939/__cypress/runner/cypress_runner.js:144197:19)\n    at onFailFn (http://localhost:41939/__cypress/runner/cypress_runner.js:132448:16)\n    at tryCatcher (http://localhost:41939/__cypress/runner/cypress_runner.js:167415:23)\n    at Promise._settlePromiseFromHandler (http://localhost:41939/__cypress/runner/cypress_runner.js:165351:31)\n    at Promise._settlePromise (http://localhost:41939/__cypress/runner/cypress_runner.js:165408:18)\n    at Promise._settlePromise0 (http://localhost:41939/__cypress/runner/cypress_runner.js:165453:10)\n    at Promise._settlePromises (http://localhost:41939/__cypress/runner/cypress_runner.js:165528:18)\n    at Async../node_modules/bluebird/js/release/async.js.Async._drainQueue (http://localhost:41939/__cypress/runner/cypress_runner.js:162140:16)\n    at Async../node_modules/bluebird/js/release/async.js.Async._drainQueues (http://localhost:41939/__cypress/runner/cypress_runner.js:162150:10)\n    at Async.drainQueues (http://localhost:41939/__cypress/runner/cypress_runner.js:162024:14)",
                "diff": null
              },
              "uuid": "86f769f8-481a-44d0-9eb1-16142e3db0dc",
              "parentUUID": "0355d187-4ea9-45f5-bd72-0ef07975f9aa",
              "isHook": false,
              "skipped": false
            },
            {
              "title": "Verifica se o botão está posicionado ao lado do input",
              "fullTitle": "10 - Faça o quadro de pixels ter seu tamanho definido pelo usuário. Verifica se o botão está posicionado ao lado do input",
              "timedOut": null,
              "duration": 4355,
              "state": "failed",
              "speed": null,
              "pass": false,
              "fail": true,
              "pending": false,
              "context": null,
              "code": "cy.get('#board-size').then(function (board) {\n  cy.get('#generate-board').should('be.onTheRightOf', board);\n});",
              "err": {
                "message": "CypressError: Timed out retrying: Expected to find element: '#board-size', but never found it.",
                "estack": "CypressError: Timed out retrying: Expected to find element: '#board-size', but never found it.\n    at cypressErr (http://localhost:41939/__cypress/runner/cypress_runner.js:149934:9)\n    at throwErr (http://localhost:41939/__cypress/runner/cypress_runner.js:149867:11)\n    at Object.throwErrByPath (http://localhost:41939/__cypress/runner/cypress_runner.js:149915:3)\n    at retry (http://localhost:41939/__cypress/runner/cypress_runner.js:144197:19)\n    at onFailFn (http://localhost:41939/__cypress/runner/cypress_runner.js:132448:16)\n    at tryCatcher (http://localhost:41939/__cypress/runner/cypress_runner.js:167415:23)\n    at Promise._settlePromiseFromHandler (http://localhost:41939/__cypress/runner/cypress_runner.js:165351:31)\n    at Promise._settlePromise (http://localhost:41939/__cypress/runner/cypress_runner.js:165408:18)\n    at Promise._settlePromise0 (http://localhost:41939/__cypress/runner/cypress_runner.js:165453:10)\n    at Promise._settlePromises (http://localhost:41939/__cypress/runner/cypress_runner.js:165528:18)\n    at Async../node_modules/bluebird/js/release/async.js.Async._drainQueue (http://localhost:41939/__cypress/runner/cypress_runner.js:162140:16)\n    at Async../node_modules/bluebird/js/release/async.js.Async._drainQueues (http://localhost:41939/__cypress/runner/cypress_runner.js:162150:10)\n    at Async.drainQueues (http://localhost:41939/__cypress/runner/cypress_runner.js:162024:14)",
                "diff": null
              },
              "uuid": "f11297d9-5326-4006-9735-0ea5048edb17",
              "parentUUID": "0355d187-4ea9-45f5-bd72-0ef07975f9aa",
              "isHook": false,
              "skipped": false
            },
            {
              "title": "Verifica se nenhum valor for colocado no input ao clicar no botão, um `alert` é exibido com o texto: 'Board inválido!'",
              "fullTitle": "10 - Faça o quadro de pixels ter seu tamanho definido pelo usuário. Verifica se nenhum valor for colocado no input ao clicar no botão, um `alert` é exibido com o texto: 'Board inválido!'",
              "timedOut": null,
              "duration": 4455,
              "state": "failed",
              "speed": null,
              "pass": false,
              "fail": true,
              "pending": false,
              "context": null,
              "code": "var alerted = false;\ncy.on('window:alert', function (msg) {\n  return alerted = msg;\n});\ncy.get('#generate-board').click().then(function () {\n  return expect(alerted).to.match(/Board inválido!/i);\n});",
              "err": {
                "message": "CypressError: Timed out retrying: Expected to find element: '#generate-board', but never found it.",
                "estack": "CypressError: Timed out retrying: Expected to find element: '#generate-board', but never found it.\n    at cypressErr (http://localhost:41939/__cypress/runner/cypress_runner.js:149934:9)\n    at throwErr (http://localhost:41939/__cypress/runner/cypress_runner.js:149867:11)\n    at Object.throwErrByPath (http://localhost:41939/__cypress/runner/cypress_runner.js:149915:3)\n    at retry (http://localhost:41939/__cypress/runner/cypress_runner.js:144197:19)\n    at onFailFn (http://localhost:41939/__cypress/runner/cypress_runner.js:132448:16)\n    at tryCatcher (http://localhost:41939/__cypress/runner/cypress_runner.js:167415:23)\n    at Promise._settlePromiseFromHandler (http://localhost:41939/__cypress/runner/cypress_runner.js:165351:31)\n    at Promise._settlePromise (http://localhost:41939/__cypress/runner/cypress_runner.js:165408:18)\n    at Promise._settlePromise0 (http://localhost:41939/__cypress/runner/cypress_runner.js:165453:10)\n    at Promise._settlePromises (http://localhost:41939/__cypress/runner/cypress_runner.js:165528:18)\n    at Async../node_modules/bluebird/js/release/async.js.Async._drainQueue (http://localhost:41939/__cypress/runner/cypress_runner.js:162140:16)\n    at Async../node_modules/bluebird/js/release/async.js.Async._drainQueues (http://localhost:41939/__cypress/runner/cypress_runner.js:162150:10)\n    at Async.drainQueues (http://localhost:41939/__cypress/runner/cypress_runner.js:162024:14)",
                "diff": null
              },
              "uuid": "f4125d46-d0c8-465d-86e6-252097504800",
              "parentUUID": "0355d187-4ea9-45f5-bd72-0ef07975f9aa",
              "isHook": false,
              "skipped": false
            },
            {
              "title": "Verifica se ao clicar no botão com um valor preenchido, o tamanho do board muda.",
              "fullTitle": "10 - Faça o quadro de pixels ter seu tamanho definido pelo usuário. Verifica se ao clicar no botão com um valor preenchido, o tamanho do board muda.",
              "timedOut": null,
              "duration": 4451,
              "state": "failed",
              "speed": null,
              "pass": false,
              "fail": true,
              "pending": false,
              "context": null,
              "code": "cy.get('#board-size').clear().type(10);\ncy.get('#generate-board').click();\ncy.get('.pixel').should('have.length', 100);",
              "err": {
                "message": "CypressError: Timed out retrying: Expected to find element: '#board-size', but never found it.",
                "estack": "CypressError: Timed out retrying: Expected to find element: '#board-size', but never found it.\n    at cypressErr (http://localhost:41939/__cypress/runner/cypress_runner.js:149934:9)\n    at throwErr (http://localhost:41939/__cypress/runner/cypress_runner.js:149867:11)\n    at Object.throwErrByPath (http://localhost:41939/__cypress/runner/cypress_runner.js:149915:3)\n    at retry (http://localhost:41939/__cypress/runner/cypress_runner.js:144197:19)\n    at onFailFn (http://localhost:41939/__cypress/runner/cypress_runner.js:132448:16)\n    at tryCatcher (http://localhost:41939/__cypress/runner/cypress_runner.js:167415:23)\n    at Promise._settlePromiseFromHandler (http://localhost:41939/__cypress/runner/cypress_runner.js:165351:31)\n    at Promise._settlePromise (http://localhost:41939/__cypress/runner/cypress_runner.js:165408:18)\n    at Promise._settlePromise0 (http://localhost:41939/__cypress/runner/cypress_runner.js:165453:10)\n    at Promise._settlePromises (http://localhost:41939/__cypress/runner/cypress_runner.js:165528:18)\n    at Async../node_modules/bluebird/js/release/async.js.Async._drainQueue (http://localhost:41939/__cypress/runner/cypress_runner.js:162140:16)\n    at Async../node_modules/bluebird/js/release/async.js.Async._drainQueues (http://localhost:41939/__cypress/runner/cypress_runner.js:162150:10)\n    at Async.drainQueues (http://localhost:41939/__cypress/runner/cypress_runner.js:162024:14)",
                "diff": null
              },
              "uuid": "acf878dd-b75e-42f9-9158-639520e21e26",
              "parentUUID": "0355d187-4ea9-45f5-bd72-0ef07975f9aa",
              "isHook": false,
              "skipped": false
            },
            {
              "title": "Verifica se o novo quadro tem todos os pixels preenchidos com a cor branca",
              "fullTitle": "10 - Faça o quadro de pixels ter seu tamanho definido pelo usuário. Verifica se o novo quadro tem todos os pixels preenchidos com a cor branca",
              "timedOut": null,
              "duration": 4336,
              "state": "failed",
              "speed": null,
              "pass": false,
              "fail": true,
              "pending": false,
              "context": null,
              "code": "cy.get('#board-size').clear().type(6);\ncy.get('#generate-board').click();\ncy.get('.pixel').should('have.length', 36).each(function (pixel) {\n  expect(pixel).to.have.css('background-color', WHITE);\n});",
              "err": {
                "message": "CypressError: Timed out retrying: Expected to find element: '#board-size', but never found it.",
                "estack": "CypressError: Timed out retrying: Expected to find element: '#board-size', but never found it.\n    at cypressErr (http://localhost:41939/__cypress/runner/cypress_runner.js:149934:9)\n    at throwErr (http://localhost:41939/__cypress/runner/cypress_runner.js:149867:11)\n    at Object.throwErrByPath (http://localhost:41939/__cypress/runner/cypress_runner.js:149915:3)\n    at retry (http://localhost:41939/__cypress/runner/cypress_runner.js:144197:19)\n    at onFailFn (http://localhost:41939/__cypress/runner/cypress_runner.js:132448:16)\n    at tryCatcher (http://localhost:41939/__cypress/runner/cypress_runner.js:167415:23)\n    at Promise._settlePromiseFromHandler (http://localhost:41939/__cypress/runner/cypress_runner.js:165351:31)\n    at Promise._settlePromise (http://localhost:41939/__cypress/runner/cypress_runner.js:165408:18)\n    at Promise._settlePromise0 (http://localhost:41939/__cypress/runner/cypress_runner.js:165453:10)\n    at Promise._settlePromises (http://localhost:41939/__cypress/runner/cypress_runner.js:165528:18)\n    at Async../node_modules/bluebird/js/release/async.js.Async._drainQueue (http://localhost:41939/__cypress/runner/cypress_runner.js:162140:16)\n    at Async../node_modules/bluebird/js/release/async.js.Async._drainQueues (http://localhost:41939/__cypress/runner/cypress_runner.js:162150:10)\n    at Async.drainQueues (http://localhost:41939/__cypress/runner/cypress_runner.js:162024:14)",
                "diff": null
              },
              "uuid": "7c67e7df-044b-4be2-8cc7-577fdfee4549",
              "parentUUID": "0355d187-4ea9-45f5-bd72-0ef07975f9aa",
              "isHook": false,
              "skipped": false
            }
          ],
          "suites": [],
          "passes": [],
          "failures": [
            "cef90768-7535-4f0c-a857-af706a93bc12",
            "1ebbdabc-2dbf-4f7e-b766-3c25871e3ea8",
            "000bf105-7c7b-413e-b9bf-c903c091461c",
            "b29b0c8f-e25e-4810-928a-1b1e12437d60",
            "86f769f8-481a-44d0-9eb1-16142e3db0dc",
            "f11297d9-5326-4006-9735-0ea5048edb17",
            "f4125d46-d0c8-465d-86e6-252097504800",
            "acf878dd-b75e-42f9-9158-639520e21e26",
            "7c67e7df-044b-4be2-8cc7-577fdfee4549"
          ],
          "pending": [],
          "skipped": [],
          "duration": 39388,
          "root": false,
          "rootEmpty": false,
          "_timeout": 2000
        },
        {
          "uuid": "4becda79-0e65-4334-8d1a-07cded48d8cf",
          "title": "11 - Limite o tamanho mínimo e máximo do board.",
          "fullFile": "",
          "file": "",
          "beforeHooks": [],
          "afterHooks": [],
          "tests": [
            {
              "title": "Verifica se a altura máxima do board é 50",
              "fullTitle": "11 - Limite o tamanho mínimo e máximo do board. Verifica se a altura máxima do board é 50",
              "timedOut": null,
              "duration": 4380,
              "state": "failed",
              "speed": null,
              "pass": false,
              "fail": true,
              "pending": false,
              "context": null,
              "code": "cy.get('#board-size').clear().type(50);\ncy.get('#generate-board').click();\ncy.get('.pixel').should('have.length', 2500);",
              "err": {
                "message": "CypressError: Timed out retrying: Expected to find element: '#board-size', but never found it.",
                "estack": "CypressError: Timed out retrying: Expected to find element: '#board-size', but never found it.\n    at cypressErr (http://localhost:41939/__cypress/runner/cypress_runner.js:149934:9)\n    at throwErr (http://localhost:41939/__cypress/runner/cypress_runner.js:149867:11)\n    at Object.throwErrByPath (http://localhost:41939/__cypress/runner/cypress_runner.js:149915:3)\n    at retry (http://localhost:41939/__cypress/runner/cypress_runner.js:144197:19)\n    at onFailFn (http://localhost:41939/__cypress/runner/cypress_runner.js:132448:16)\n    at tryCatcher (http://localhost:41939/__cypress/runner/cypress_runner.js:167415:23)\n    at Promise._settlePromiseFromHandler (http://localhost:41939/__cypress/runner/cypress_runner.js:165351:31)\n    at Promise._settlePromise (http://localhost:41939/__cypress/runner/cypress_runner.js:165408:18)\n    at Promise._settlePromise0 (http://localhost:41939/__cypress/runner/cypress_runner.js:165453:10)\n    at Promise._settlePromises (http://localhost:41939/__cypress/runner/cypress_runner.js:165528:18)\n    at Async../node_modules/bluebird/js/release/async.js.Async._drainQueue (http://localhost:41939/__cypress/runner/cypress_runner.js:162140:16)\n    at Async../node_modules/bluebird/js/release/async.js.Async._drainQueues (http://localhost:41939/__cypress/runner/cypress_runner.js:162150:10)\n    at Async.drainQueues (http://localhost:41939/__cypress/runner/cypress_runner.js:162024:14)",
                "diff": null
              },
              "uuid": "f37b1ea5-d022-4f4c-af39-55c3aa1950d4",
              "parentUUID": "4becda79-0e65-4334-8d1a-07cded48d8cf",
              "isHook": false,
              "skipped": false
            },
            {
              "title": "Verifica se a altura do board é 5 quando um valor menor é colocado no input",
              "fullTitle": "11 - Limite o tamanho mínimo e máximo do board. Verifica se a altura do board é 5 quando um valor menor é colocado no input",
              "timedOut": null,
              "duration": 4346,
              "state": "failed",
              "speed": null,
              "pass": false,
              "fail": true,
              "pending": false,
              "context": null,
              "code": "cy.get('#board-size').clear().type(4);\ncy.get('#generate-board').click();\ncy.get('.pixel').should('have.length', 25);",
              "err": {
                "message": "CypressError: Timed out retrying: Expected to find element: '#board-size', but never found it.",
                "estack": "CypressError: Timed out retrying: Expected to find element: '#board-size', but never found it.\n    at cypressErr (http://localhost:41939/__cypress/runner/cypress_runner.js:149934:9)\n    at throwErr (http://localhost:41939/__cypress/runner/cypress_runner.js:149867:11)\n    at Object.throwErrByPath (http://localhost:41939/__cypress/runner/cypress_runner.js:149915:3)\n    at retry (http://localhost:41939/__cypress/runner/cypress_runner.js:144197:19)\n    at onFailFn (http://localhost:41939/__cypress/runner/cypress_runner.js:132448:16)\n    at tryCatcher (http://localhost:41939/__cypress/runner/cypress_runner.js:167415:23)\n    at Promise._settlePromiseFromHandler (http://localhost:41939/__cypress/runner/cypress_runner.js:165351:31)\n    at Promise._settlePromise (http://localhost:41939/__cypress/runner/cypress_runner.js:165408:18)\n    at Promise._settlePromise0 (http://localhost:41939/__cypress/runner/cypress_runner.js:165453:10)\n    at Promise._settlePromises (http://localhost:41939/__cypress/runner/cypress_runner.js:165528:18)\n    at Async../node_modules/bluebird/js/release/async.js.Async._drainQueue (http://localhost:41939/__cypress/runner/cypress_runner.js:162140:16)\n    at Async../node_modules/bluebird/js/release/async.js.Async._drainQueues (http://localhost:41939/__cypress/runner/cypress_runner.js:162150:10)\n    at Async.drainQueues (http://localhost:41939/__cypress/runner/cypress_runner.js:162024:14)",
                "diff": null
              },
              "uuid": "d1d6c0b6-5190-4c67-80f4-2ec63deceffe",
              "parentUUID": "4becda79-0e65-4334-8d1a-07cded48d8cf",
              "isHook": false,
              "skipped": false
            },
            {
              "title": "Verifica se a altura do board é 50 quando um valor maior é colocado no input",
              "fullTitle": "11 - Limite o tamanho mínimo e máximo do board. Verifica se a altura do board é 50 quando um valor maior é colocado no input",
              "timedOut": null,
              "duration": 4362,
              "state": "failed",
              "speed": null,
              "pass": false,
              "fail": true,
              "pending": false,
              "context": null,
              "code": "cy.get('#board-size').clear().type(51);\ncy.get('#generate-board').click();\ncy.get('.pixel').should('have.length', 2500);",
              "err": {
                "message": "CypressError: Timed out retrying: Expected to find element: '#board-size', but never found it.",
                "estack": "CypressError: Timed out retrying: Expected to find element: '#board-size', but never found it.\n    at cypressErr (http://localhost:41939/__cypress/runner/cypress_runner.js:149934:9)\n    at throwErr (http://localhost:41939/__cypress/runner/cypress_runner.js:149867:11)\n    at Object.throwErrByPath (http://localhost:41939/__cypress/runner/cypress_runner.js:149915:3)\n    at retry (http://localhost:41939/__cypress/runner/cypress_runner.js:144197:19)\n    at onFailFn (http://localhost:41939/__cypress/runner/cypress_runner.js:132448:16)\n    at tryCatcher (http://localhost:41939/__cypress/runner/cypress_runner.js:167415:23)\n    at Promise._settlePromiseFromHandler (http://localhost:41939/__cypress/runner/cypress_runner.js:165351:31)\n    at Promise._settlePromise (http://localhost:41939/__cypress/runner/cypress_runner.js:165408:18)\n    at Promise._settlePromise0 (http://localhost:41939/__cypress/runner/cypress_runner.js:165453:10)\n    at Promise._settlePromises (http://localhost:41939/__cypress/runner/cypress_runner.js:165528:18)\n    at Async../node_modules/bluebird/js/release/async.js.Async._drainQueue (http://localhost:41939/__cypress/runner/cypress_runner.js:162140:16)\n    at Async../node_modules/bluebird/js/release/async.js.Async._drainQueues (http://localhost:41939/__cypress/runner/cypress_runner.js:162150:10)\n    at Async.drainQueues (http://localhost:41939/__cypress/runner/cypress_runner.js:162024:14)",
                "diff": null
              },
              "uuid": "f3313f44-f765-46e9-83fd-09b178f27cb4",
              "parentUUID": "4becda79-0e65-4334-8d1a-07cded48d8cf",
              "isHook": false,
              "skipped": false
            }
          ],
          "suites": [],
          "passes": [],
          "failures": [
            "f37b1ea5-d022-4f4c-af39-55c3aa1950d4",
            "d1d6c0b6-5190-4c67-80f4-2ec63deceffe",
            "f3313f44-f765-46e9-83fd-09b178f27cb4"
          ],
          "pending": [],
          "skipped": [],
          "duration": 13088,
          "root": false,
          "rootEmpty": false,
          "_timeout": 2000
        },
        {
          "uuid": "bca27724-87e5-4cd5-9726-66217b645c8d",
          "title": "12 - Faça com que as cores da paleta sejam geradas aleatoriamente ao carregar a página.",
          "fullFile": "",
          "file": "",
          "beforeHooks": [],
          "afterHooks": [],
          "tests": [
            {
              "title": "Verifica se as cores geradas na paleta são diferentes a cada carregamento da página",
              "fullTitle": "12 - Faça com que as cores da paleta sejam geradas aleatoriamente ao carregar a página. Verifica se as cores geradas na paleta são diferentes a cada carregamento da página",
              "timedOut": null,
              "duration": 373,
              "state": "failed",
              "speed": null,
              "pass": false,
              "fail": true,
              "pending": false,
              "context": null,
              "code": "cy.get('.color').then(function (colors) {\n  var currentColors;\n  var previousColors;\n  previousColors = Array.from(colors).map(function (color) {\n    return Cypress.$(color).css('background-color');\n  });\n  for (var i = 0; i < 5; i += 1) {\n    cy.reload();\n    cy.get('.color').then(function (colors) {\n      currentColors = Array.from(colors).map(function (color) {\n        return Cypress.$(color).css('background-color');\n      });\n      expect(currentColors).not.to.deep.equal(previousColors);\n      previousColors = currentColors;\n    });\n  }\n});",
              "err": {
                "message": "AssertionError: expected [ Array(4) ] to not deeply equal [ Array(4) ]",
                "estack": "AssertionError: expected [ Array(4) ] to not deeply equal [ Array(4) ]\n    at getRet (http://localhost:41939/__cypress/runner/cypress_runner.js:136585:16)\n    at tryCatcher (http://localhost:41939/__cypress/runner/cypress_runner.js:167415:23)\n    at Function.Promise.attempt.Promise.try (http://localhost:41939/__cypress/runner/cypress_runner.js:164690:29)\n    at Context.thenFn (http://localhost:41939/__cypress/runner/cypress_runner.js:136599:23)\n    at Context.then (http://localhost:41939/__cypress/runner/cypress_runner.js:136971:21)\n    at Context.<anonymous> (http://localhost:41939/__cypress/runner/cypress_runner.js:148875:21)\n    at http://localhost:41939/__cypress/runner/cypress_runner.js:148351:33\n    at tryCatcher (http://localhost:41939/__cypress/runner/cypress_runner.js:167415:23)\n    at Promise._settlePromiseFromHandler (http://localhost:41939/__cypress/runner/cypress_runner.js:165351:31)\n    at Promise._settlePromise (http://localhost:41939/__cypress/runner/cypress_runner.js:165408:18)\n    at Promise._settlePromiseCtx (http://localhost:41939/__cypress/runner/cypress_runner.js:165445:10)\n    at Async../node_modules/bluebird/js/release/async.js.Async._drainQueue (http://localhost:41939/__cypress/runner/cypress_runner.js:162145:12)\n    at Async../node_modules/bluebird/js/release/async.js.Async._drainQueues (http://localhost:41939/__cypress/runner/cypress_runner.js:162150:10)\n    at Async.drainQueues (http://localhost:41939/__cypress/runner/cypress_runner.js:162024:14)",
                "diff": ""
              },
              "uuid": "5420402f-446b-4fea-b262-8c0d24d32a7a",
              "parentUUID": "bca27724-87e5-4cd5-9726-66217b645c8d",
              "isHook": false,
              "skipped": false
            },
            {
              "title": "Verifica se a cor preta ainda está presente e é a primeira na sua paleta de cores",
              "fullTitle": "12 - Faça com que as cores da paleta sejam geradas aleatoriamente ao carregar a página. Verifica se a cor preta ainda está presente e é a primeira na sua paleta de cores",
              "timedOut": null,
              "duration": 350,
              "state": "failed",
              "speed": null,
              "pass": false,
              "fail": true,
              "pending": false,
              "context": null,
              "code": "cy.get('.color').then(function (colors) {\n  var currentColors;\n  var previousColors;\n  previousColors = Array.from(colors).map(function (color) {\n    return Cypress.$(color).css('background-color');\n  });\n  expect(previousColors[0]).to.eq(BLACK);\n  for (var i = 0; i < 5; i += 1) {\n    cy.reload();\n    cy.get('.color').then(function (colors) {\n      currentColors = Array.from(colors).map(function (color) {\n        return Cypress.$(color).css('background-color');\n      });\n      expect(currentColors[0]).to.eq(BLACK);\n      expect(currentColors).not.to.deep.equal(previousColors);\n      previousColors = currentColors;\n    });\n  }\n});",
              "err": {
                "message": "AssertionError: expected [ Array(4) ] to not deeply equal [ Array(4) ]",
                "estack": "AssertionError: expected [ Array(4) ] to not deeply equal [ Array(4) ]\n    at getRet (http://localhost:41939/__cypress/runner/cypress_runner.js:136585:16)\n    at tryCatcher (http://localhost:41939/__cypress/runner/cypress_runner.js:167415:23)\n    at Function.Promise.attempt.Promise.try (http://localhost:41939/__cypress/runner/cypress_runner.js:164690:29)\n    at Context.thenFn (http://localhost:41939/__cypress/runner/cypress_runner.js:136599:23)\n    at Context.then (http://localhost:41939/__cypress/runner/cypress_runner.js:136971:21)\n    at Context.<anonymous> (http://localhost:41939/__cypress/runner/cypress_runner.js:148875:21)\n    at http://localhost:41939/__cypress/runner/cypress_runner.js:148351:33\n    at tryCatcher (http://localhost:41939/__cypress/runner/cypress_runner.js:167415:23)\n    at Promise._settlePromiseFromHandler (http://localhost:41939/__cypress/runner/cypress_runner.js:165351:31)\n    at Promise._settlePromise (http://localhost:41939/__cypress/runner/cypress_runner.js:165408:18)\n    at Promise._settlePromiseCtx (http://localhost:41939/__cypress/runner/cypress_runner.js:165445:10)\n    at Async../node_modules/bluebird/js/release/async.js.Async._drainQueue (http://localhost:41939/__cypress/runner/cypress_runner.js:162145:12)\n    at Async../node_modules/bluebird/js/release/async.js.Async._drainQueues (http://localhost:41939/__cypress/runner/cypress_runner.js:162150:10)\n    at Async.drainQueues (http://localhost:41939/__cypress/runner/cypress_runner.js:162024:14)",
                "diff": ""
              },
              "uuid": "308b183b-bfa8-4e8a-8d37-5e2546ecff6d",
              "parentUUID": "bca27724-87e5-4cd5-9726-66217b645c8d",
              "isHook": false,
              "skipped": false
            }
          ],
          "suites": [],
          "passes": [],
          "failures": [
            "5420402f-446b-4fea-b262-8c0d24d32a7a",
            "308b183b-bfa8-4e8a-8d37-5e2546ecff6d"
          ],
          "pending": [],
          "skipped": [],
          "duration": 723,
          "root": false,
          "rootEmpty": false,
          "_timeout": 2000
        }
      ],
      "passes": [],
      "failures": [],
      "pending": [],
      "skipped": [],
      "duration": 0,
      "root": true,
      "rootEmpty": true,
      "_timeout": 2000
    }
  ],
  "meta": {
    "mocha": {
      "version": "7.0.1"
    },
    "mochawesome": {
      "options": {
        "quiet": false,
        "reportFilename": "mochawesome",
        "saveHtml": false,
        "saveJson": true,
        "consoleReporter": "spec",
        "useInlineDiffs": false
      },
      "version": "4.1.0"
    },
    "marge": {
      "options": {
        "id": "default",
        "reportDir": "cypress/reports",
        "overwrite": true,
        "html": false,
        "json": true
      },
      "version": "4.1.0"
    }
  }
}